<?xml version="1.0" encoding="UTF-8"?>
<testng-results skipped="0" failed="1" ignored="0" total="2" passed="1">
  <reporter-output>
  </reporter-output>
  <suite name="Default suite" duration-ms="19405" started-at="2018-09-30T07:44:24Z" finished-at="2018-09-30T07:44:44Z">
    <groups>
    </groups>
    <test name="Default test" duration-ms="19405" started-at="2018-09-30T07:44:24Z" finished-at="2018-09-30T07:44:44Z">
      <class name="testCase.TC_2_SearchByLocation">
        <test-method status="PASS" signature="initiateDriverinstance()[pri:0, instance:testCase.TC_2_SearchByLocation@14acaea5]" name="initiateDriverinstance" is-config="true" duration-ms="5522" started-at="2018-09-30T13:14:25Z" finished-at="2018-09-30T13:14:30Z">
          <reporter-output>
          </reporter-output>
        </test-method> <!-- initiateDriverinstance -->
        <test-method status="PASS" signature="tc_01_SearchByLocation(java.lang.String, java.lang.String, java.lang.String)[pri:0, instance:testCase.TC_2_SearchByLocation@14acaea5]" name="tc_01_SearchByLocation" duration-ms="6160" started-at="2018-09-30T13:14:30Z" data-provider="Authentication" finished-at="2018-09-30T13:14:36Z">
          <params>
            <param index="0">
              <value>
                <![CDATA[arjun]]>
              </value>
            </param>
            <param index="1">
              <value>
                <![CDATA[arjun]]>
              </value>
            </param>
            <param index="2">
              <value>
                <![CDATA[London]]>
              </value>
            </param>
          </params>
          <reporter-output>
          </reporter-output>
        </test-method> <!-- tc_01_SearchByLocation -->
        <test-method status="PASS" signature="closeDriverInstance(org.testng.ITestResult)[pri:0, instance:testCase.TC_2_SearchByLocation@14acaea5]" name="closeDriverInstance" is-config="true" duration-ms="600" started-at="2018-09-30T13:14:36Z" finished-at="2018-09-30T13:14:37Z">
          <params>
            <param index="0">
              <value>
                <![CDATA[[TestResult name=tc_01_SearchByLocation status=SUCCESS method=TC_2_SearchByLocation.tc_01_SearchByLocation(java.lang.String, java.lang.String, java.lang.String)[pri:0, instance:testCase.TC_2_SearchByLocation@14acaea5] output={null}]]]>
              </value>
            </param>
          </params>
          <reporter-output>
          </reporter-output>
        </test-method> <!-- closeDriverInstance -->
        <test-method status="PASS" signature="initiateDriverinstance()[pri:0, instance:testCase.TC_2_SearchByLocation@14acaea5]" name="initiateDriverinstance" is-config="true" duration-ms="5720" started-at="2018-09-30T13:14:37Z" finished-at="2018-09-30T13:14:43Z">
          <reporter-output>
          </reporter-output>
        </test-method> <!-- initiateDriverinstance -->
        <test-method status="FAIL" signature="tc_01_SearchByLocation(java.lang.String, java.lang.String, java.lang.String)[pri:0, instance:testCase.TC_2_SearchByLocation@14acaea5]" name="tc_01_SearchByLocation" duration-ms="157" started-at="2018-09-30T13:14:43Z" data-provider="Authentication" finished-at="2018-09-30T13:14:43Z">
          <params>
            <param index="0">
              <value is-null="true"/>
            </param>
            <param index="1">
              <value is-null="true"/>
            </param>
            <param index="2">
              <value is-null="true"/>
            </param>
          </params>
          <exception class="org.openqa.selenium.WebDriverException">
            <message>
              <![CDATA[unknown error: keys should be a string
  (Session info: chrome=69.0.3497.100)
  (Driver info: chromedriver=2.40.565498 (ea082db3280dd6843ebfb08a625e3eb905c4f5ab),platform=Windows NT 10.0.17134 x86_64) (WARNING: The server did not provide any stacktrace information)
Command duration or timeout: 0 milliseconds
Build info: version: '3.11.0', revision: 'e59cfb3', time: '2018-03-11T20:26:55.152Z'
System info: host: 'LAPTOP-EHEF5703', ip: '192.168.225.193', os.name: 'Windows 10', os.arch: 'amd64', os.version: '10.0', java.version: '1.8.0_181'
Driver info: org.openqa.selenium.chrome.ChromeDriver
Capabilities {acceptInsecureCerts: false, acceptSslCerts: false, applicationCacheEnabled: false, browserConnectionEnabled: false, browserName: chrome, chrome: {chromedriverVersion: 2.40.565498 (ea082db3280dd6..., userDataDir: C:\Users\akhil\AppData\Loca...}, cssSelectorsEnabled: true, databaseEnabled: false, handlesAlerts: true, hasTouchScreen: false, javascriptEnabled: true, locationContextEnabled: true, mobileEmulationEnabled: false, nativeEvents: true, networkConnectionEnabled: false, pageLoadStrategy: normal, platform: XP, platformName: XP, rotatable: false, setWindowRect: true, takesHeapSnapshot: true, takesScreenshot: true, unexpectedAlertBehaviour: , unhandledPromptBehavior: , version: 69.0.3497.100, webStorageEnabled: true}
Session ID: 6e572763c188c597160884fd63b8e426]]>
            </message>
            <full-stacktrace>
              <![CDATA[org.openqa.selenium.WebDriverException: unknown error: keys should be a string
  (Session info: chrome=69.0.3497.100)
  (Driver info: chromedriver=2.40.565498 (ea082db3280dd6843ebfb08a625e3eb905c4f5ab),platform=Windows NT 10.0.17134 x86_64) (WARNING: The server did not provide any stacktrace information)
Command duration or timeout: 0 milliseconds
Build info: version: '3.11.0', revision: 'e59cfb3', time: '2018-03-11T20:26:55.152Z'
System info: host: 'LAPTOP-EHEF5703', ip: '192.168.225.193', os.name: 'Windows 10', os.arch: 'amd64', os.version: '10.0', java.version: '1.8.0_181'
Driver info: org.openqa.selenium.chrome.ChromeDriver
Capabilities {acceptInsecureCerts: false, acceptSslCerts: false, applicationCacheEnabled: false, browserConnectionEnabled: false, browserName: chrome, chrome: {chromedriverVersion: 2.40.565498 (ea082db3280dd6..., userDataDir: C:\Users\akhil\AppData\Loca...}, cssSelectorsEnabled: true, databaseEnabled: false, handlesAlerts: true, hasTouchScreen: false, javascriptEnabled: true, locationContextEnabled: true, mobileEmulationEnabled: false, nativeEvents: true, networkConnectionEnabled: false, pageLoadStrategy: normal, platform: XP, platformName: XP, rotatable: false, setWindowRect: true, takesHeapSnapshot: true, takesScreenshot: true, unexpectedAlertBehaviour: , unhandledPromptBehavior: , version: 69.0.3497.100, webStorageEnabled: true}
Session ID: 6e572763c188c597160884fd63b8e426
	at sun.reflect.NativeConstructorAccessorImpl.newInstance0(Native Method)
	at sun.reflect.NativeConstructorAccessorImpl.newInstance(Unknown Source)
	at sun.reflect.DelegatingConstructorAccessorImpl.newInstance(Unknown Source)
	at java.lang.reflect.Constructor.newInstance(Unknown Source)
	at org.openqa.selenium.remote.ErrorHandler.createThrowable(ErrorHandler.java:214)
	at org.openqa.selenium.remote.ErrorHandler.throwIfResponseFailed(ErrorHandler.java:166)
	at org.openqa.selenium.remote.http.JsonHttpResponseCodec.reconstructValue(JsonHttpResponseCodec.java:40)
	at org.openqa.selenium.remote.http.AbstractHttpResponseCodec.decode(AbstractHttpResponseCodec.java:80)
	at org.openqa.selenium.remote.http.AbstractHttpResponseCodec.decode(AbstractHttpResponseCodec.java:44)
	at org.openqa.selenium.remote.HttpCommandExecutor.execute(HttpCommandExecutor.java:158)
	at org.openqa.selenium.remote.service.DriverCommandExecutor.execute(DriverCommandExecutor.java:83)
	at org.openqa.selenium.remote.RemoteWebDriver.execute(RemoteWebDriver.java:545)
	at org.openqa.selenium.remote.RemoteWebElement.execute(RemoteWebElement.java:279)
	at org.openqa.selenium.remote.RemoteWebElement.sendKeys(RemoteWebElement.java:100)
	at pages.loginPage.enterusername(loginPage.java:25)
	at testCase.TC_2_SearchByLocation.tc_01_SearchByLocation(TC_2_SearchByLocation.java:24)
	at sun.reflect.NativeMethodAccessorImpl.invoke0(Native Method)
	at sun.reflect.NativeMethodAccessorImpl.invoke(Unknown Source)
	at sun.reflect.DelegatingMethodAccessorImpl.invoke(Unknown Source)
	at java.lang.reflect.Method.invoke(Unknown Source)
	at org.testng.internal.MethodInvocationHelper.invokeMethod(MethodInvocationHelper.java:104)
	at org.testng.internal.Invoker.invokeMethod(Invoker.java:645)
	at org.testng.internal.Invoker.invokeTestMethod(Invoker.java:851)
	at org.testng.internal.Invoker.invokeTestMethods(Invoker.java:1177)
	at org.testng.internal.TestMethodWorker.invokeTestMethods(TestMethodWorker.java:129)
	at org.testng.internal.TestMethodWorker.run(TestMethodWorker.java:112)
	at org.testng.TestRunner.privateRun(TestRunner.java:756)
	at org.testng.TestRunner.run(TestRunner.java:610)
	at org.testng.SuiteRunner.runTest(SuiteRunner.java:387)
	at org.testng.SuiteRunner.runSequentially(SuiteRunner.java:382)
	at org.testng.SuiteRunner.privateRun(SuiteRunner.java:340)
	at org.testng.SuiteRunner.run(SuiteRunner.java:289)
	at org.testng.SuiteRunnerWorker.runSuite(SuiteRunnerWorker.java:52)
	at org.testng.SuiteRunnerWorker.run(SuiteRunnerWorker.java:86)
	at org.testng.TestNG.runSuitesSequentially(TestNG.java:1293)
	at org.testng.TestNG.runSuitesLocally(TestNG.java:1218)
	at org.testng.TestNG.runSuites(TestNG.java:1133)
	at org.testng.TestNG.run(TestNG.java:1104)
	at org.testng.remote.AbstractRemoteTestNG.run(AbstractRemoteTestNG.java:132)
	at org.testng.remote.RemoteTestNG.initAndRun(RemoteTestNG.java:236)
	at org.testng.remote.RemoteTestNG.main(RemoteTestNG.java:81)
]]>
            </full-stacktrace>
          </exception> <!-- org.openqa.selenium.WebDriverException -->
          <reporter-output>
          </reporter-output>
        </test-method> <!-- tc_01_SearchByLocation -->
        <test-method status="PASS" signature="closeDriverInstance(org.testng.ITestResult)[pri:0, instance:testCase.TC_2_SearchByLocation@14acaea5]" name="closeDriverInstance" is-config="true" duration-ms="762" started-at="2018-09-30T13:14:43Z" finished-at="2018-09-30T13:14:44Z">
          <params>
            <param index="0">
              <value>
                <![CDATA[[TestResult name=tc_01_SearchByLocation status=FAILURE method=TC_2_SearchByLocation.tc_01_SearchByLocation(java.lang.String, java.lang.String, java.lang.String)[pri:0, instance:testCase.TC_2_SearchByLocation@14acaea5] output={null}]]]>
              </value>
            </param>
          </params>
          <reporter-output>
          </reporter-output>
        </test-method> <!-- closeDriverInstance -->
      </class> <!-- testCase.TC_2_SearchByLocation -->
    </test> <!-- Default test -->
  </suite> <!-- Default suite -->
</testng-results>
